<?xml version="1.0" encoding="utf-8"?><testsuites name="pytest tests"><testsuite name="pytest" errors="0" failures="0" skipped="8" tests="526" time="16.056" timestamp="2025-08-29T14:42:00.898950+02:00" hostname="IFL-NB-80"><properties>
[...]
</properties><testcase classname="tests.integration.test_format_processing.TestFormatProcessing" name="test_format_detection_and_processing[standard]" time="0.004"><skipped type="pytest.skip" message="Test file c:\GitHub\clausemate\tests\fixtures\sample_tsvs\standard_15col.tsv not found">c:\GitHub\clausemate\tests\integration\test_format_processing.py:29: Test file c:\GitHub\clausemate\tests\fixtures\sample_tsvs\standard_15col.tsv not found</skipped></testcase><testcase classname="tests.integration.test_format_processing.TestFormatProcessing" name="test_format_detection_and_processing[extended]" time="0.001"><skipped type="pytest.skip" message="Test file c:\GitHub\clausemate\tests\fixtures\sample_tsvs\extended_37col.tsv not found">c:\GitHub\clausemate\tests\integration\test_format_processing.py:29: Test file c:\GitHub\clausemate\tests\fixtures\sample_tsvs\extended_37col.tsv not found</skipped></testcase><testcase classname="tests.integration.test_format_processing.TestFormatProcessing" name="test_format_detection_and_processing[legacy]" time="0.001"><skipped type="pytest.skip" message="Test file c:\GitHub\clausemate\tests\fixtures\sample_tsvs\legacy_14col.tsv not found">c:\GitHub\clausemate\tests\integration\test_format_processing.py:29: Test file c:\GitHub\clausemate\tests\fixtures\sample_tsvs\legacy_14col.tsv not found</skipped></testcase><testcase classname="tests.integration.test_format_processing.TestFormatProcessing" name="test_format_detection_and_processing[incomplete]" time="0.001"><skipped type="pytest.skip" message="Test file c:\GitHub\clausemate\tests\fixtures\sample_tsvs\incomplete_12col.tsv not found">c:\GitHub\clausemate\tests\integration\test_format_processing.py:29: Test file c:\GitHub\clausemate\tests\fixtures\sample_tsvs\incomplete_12col.tsv not found</skipped></testcase><testcase classname="tests.integration.test_format_processing.TestFormatProcessing" name="test_end_to_end_processing" time="0.001"><skipped type="pytest.skip" message="All test files failed to process: {'standard': {'success': False, 'relationships_count': 0, 'processing_time': 0, 'error': 'File not found: c:\\GitHub\\clausemate\\tests\\fixtures\\sample_tsvs\\standard_15col.tsv'}, 'extended': {'success': False, 'relationships_count': 0, 'processing_time': 0, 'error': 'File not found: c:\\GitHub\\clausemate\\tests\\fixtures\\sample_tsvs\\extended_37col.tsv'}, 'legacy': {'success': False, 'relationships_count': 0, 'processing_time': 0, 'error': 'File not found: c:\\GitHub\\clausemate\\tests\\fixtures\\sample_tsvs\\legacy_14col.tsv'}, 'incomplete': {'success': False, 'relationships_count': 0, 'processing_time': 0, 'error': 'File not found: c:\\GitHub\\clausemate\\tests\\fixtures\\sample_tsvs\\incomplete_12col.tsv'}}">c:\GitHub\clausemate\tests\integration\test_format_processing.py:105: All test files failed to process: {'standard': {'success': False, 'relationships_count': 0, 'processing_time': 0, 'error': 'File not found: c:\\GitHub\\clausemate\\tests\\fixtures\\sample_tsvs\\standard_15col.tsv'}, 'extended': {'success': False, 'relationships_count': 0, 'processing_time': 0, 'error': 'File not found: c:\\GitHub\\clausemate\\tests\\fixtures\\sample_tsvs\\extended_37col.tsv'}, 'legacy': {'success': False, 'relationships_count': 0, 'processing_time': 0, 'error': 'File not found: c:\\GitHub\\clausemate\\tests\\fixtures\\sample_tsvs\\legacy_14col.tsv'}, 'incomplete': {'success': False, 'relationships_count': 0, 'processing_time': 0, 'error': 'File not found: c:\\GitHub\\clausemate\\tests\\fixtures\\sample_tsvs\\incomplete_12col.tsv'}}</skipped></testcase><testcase classname="tests.integration.test_format_processing.TestFormatProcessing" name="test_adaptive_parsing_fallback" time="0.018" /><testcase classname="tests.integration.test_format_processing.TestFormatProcessing" name="test_statistics_tracking" time="0.001"><skipped type="pytest.skip" message="No valid test files available">c:\GitHub\clausemate\tests\integration\test_format_processing.py:146: No valid test files available</skipped></testcase><testcase classname="tests.integration.test_format_processing.TestFormatProcessing" name="test_export_functionality" time="0.005"><skipped type="pytest.skip" message="No valid test files available">c:\GitHub\clausemate\tests\integration\test_format_processing.py:180: No valid test files available</skipped></testcase><testcase classname="tests.integration.test_format_processing.TestErrorHandling" name="test_nonexistent_file" time="0.004" /><testcase classname="tests.integration.test_format_processing.TestErrorHandling" name="test_empty_file" time="0.004" /><testcase classname="tests.integration.test_format_processing.TestErrorHandling" name="test_invalid_tsv_format" time="0.007" /><testcase classname="tests.integration.test_format_processing.TestErrorHandling" name="test_export_to_readonly_location" time="0.005" /><testcase classname="tests.integration.test_format_processing.TestPerformanceBaseline" name="test_processing_performance" time="0.002" /><testcase classname="tests.integration.test_format_processing.TestPerformanceBaseline" name="test_memory_usage_baseline" time="0.002" /><testcase classname="tests.integration.test_format_processing.TestRegressionBaseline" name="test_relationship_extraction_consistency" time="0.001" /><testcase classname="tests.integration.test_format_processing.TestRegressionBaseline" name="test_output_format_consistency" time="0.001" /><testcase classname="tests.optional.test_benchmark.TestBenchmark" name="test_benchmark_imports" time="0.001" /><testcase classname="tests.optional.test_benchmark.TestBenchmark" name="test_benchmark_has_expected_functions" time="0.001" /><testcase classname="tests.optional.test_benchmark.TestBenchmark" name="test_benchmark_execution" time="0.001" /><testcase classname="tests.optional.test_property_based.TestPropertyBasedValidation" name="test_token_creation_always_valid" time="2.660" /><testcase classname="tests.optional.test_property_based.TestPropertyBasedValidation" name="test_token_invalid_idx_always_fails" time="0.105" /><testcase classname="tests.optional.test_property_based.TestPropertyBasedValidation" name="test_token_empty_text_always_fails" time="0.027" /><testcase classname="tests.optional.test_property_based.TestPropertyBasedValidation" name="test_phrase_creation_always_valid" time="0.477" /><testcase classname="tests.optional.test_property_based.TestPropertyBasedValidation" name="test_phrase_invalid_indices_always_fail" time="0.221" /><testcase classname="tests.optional.test_property_based.TestPropertyBasedValidation" name="test_sentence_context_creation_always_valid" time="0.075" /><testcase classname="tests.optional.test_property_based.TestPropertyBasedValidation" name="test_sentence_context_invalid_sentence_num_always_fails" time="0.093" /><testcase classname="tests.optional.test_property_based.TestPropertyBasedEdgeCases" name="test_whitespace_only_text_handling" time="0.392" /><testcase classname="tests.optional.test_property_based.TestPropertyBasedEdgeCases" name="test_large_indices_handling" time="0.090" /><testcase classname="tests.optional.test_property_based.TestPropertyBasedEdgeCases" name="test_special_characters_in_text" time="0.339" /><testcase classname="tests.optional.test_property_based.TestPropertyBasedEdgeCases" name="test_token_sequence_properties" time="0.225" /><testcase classname="tests.optional.test_property_based.TestPropertyBasedInvariants" name="test_token_equality_invariants" time="0.108" /><testcase classname="tests.optional.test_property_based.TestPropertyBasedInvariants" name="test_phrase_span_invariants" time="0.114" /><testcase classname="tests.optional.test_property_based.TestPropertyBasedInvariants" name="test_sentence_context_invariants" time="0.064" /><testcase classname="tests.optional.test_property_based.TestPropertyBasedPerformance" name="test_token_creation_performance_scales_linearly" time="0.059" /><testcase classname="tests.property.test_property_based_tests.TestPropertyBased" name="test_placeholder" time="0.001" /><testcase classname="tests.test_4tsv_processing" name="test_4tsv_format_detection" time="0.004" /><testcase classname="tests.test_4tsv_processing" name="test_incomplete_parser_direct" time="0.008" /><testcase classname="tests.test_4tsv_processing" name="test_main_analyzer" time="0.008" /><testcase classname="tests.test_adaptive_parser" name="test_file_parsing[data/input/gotofiles/2.tsv-Standard format (15 columns \u2192 448 relationships)]" time="0.012" /><testcase classname="tests.test_adaptive_parser" name="test_file_parsing[data/input/gotofiles/later/1.tsv-Extended format (37 columns \u2192 234 relationships)]" time="0.006" /><testcase classname="tests.test_adaptive_parser" name="test_file_parsing[data/input/gotofiles/later/3.tsv-Legacy format (14 columns \u2192 527 relationships)]" time="0.004" /><testcase classname="tests.test_adaptive_parser" name="test_file_parsing[data/input/gotofiles/later/4.tsv-Incomplete format (12 columns \u2192 695 relationships)]" time="0.002" /><testcase classname="tests.test_advanced_analysis_features.TestAdvancedAnalysisEngine" name="test_initialization" time="0.002" /><testcase classname="tests.test_advanced_analysis_features.TestAdvancedAnalysisEngine" name="test_analyze_character_tracking_basic" time="0.007" /><testcase classname="tests.test_advanced_analysis_features.TestAdvancedAnalysisEngine" name="test_analyze_character_tracking_no_relationships" time="0.004" /><testcase classname="tests.test_advanced_analysis_features.TestAdvancedAnalysisEngine" name="test_analyze_character_tracking_single_mention" time="0.004" /><testcase classname="tests.test_advanced_analysis_features.TestAdvancedAnalysisEngine" name="test_analyze_narrative_flow" time="0.005" /><testcase classname="tests.test_advanced_analysis_features.TestAdvancedAnalysisEngine" name="test_analyze_cross_chapter_transitions" time="0.008" /><testcase classname="tests.test_advanced_analysis_features.TestAdvancedAnalysisEngine" name="test_generate_coreference_visualization_data" time="0.009" /><testcase classname="tests.test_advanced_analysis_features.TestAdvancedAnalysisEngine" name="test_calculate_performance_metrics" time="0.039" /><testcase classname="tests.test_advanced_analysis_features.TestAdvancedAnalysisEngine" name="test_create_comprehensive_analysis_report" time="0.007" /><testcase classname="tests.test_advanced_analysis_features.TestAdvancedAnalysisEngine" name="test_get_character_color" time="0.003" /><testcase classname="tests.test_advanced_analysis_features.TestAdvancedAnalysisEngine" name="test_calculate_character_statistics" time="0.002" /><testcase classname="tests.test_advanced_analysis_features.TestAdvancedAnalysisEngine" name="test_calculate_narrative_statistics" time="0.002" /><testcase classname="tests.test_advanced_analysis_features.TestAdvancedAnalysisEngine" name="test_calculate_transition_statistics" time="0.002" /><testcase classname="tests.test_advanced_analysis_features.TestAdvancedAnalysisEngine" name="test_generate_analysis_recommendations" time="0.002" /><testcase classname="tests.test_all_chapters" name="test_all_chapters" time="0.011" /><testcase classname="tests.test_analyzers.TestAnalyzerImports" name="test_base_analyzer_import" time="0.001" /><testcase classname="tests.test_analyzers.TestAnalyzerImports" name="test_statistical_analyzer_import" time="0.001" /><testcase classname="tests.test_analyzers.TestAnalyzerImports" name="test_coreference_analyzer_import" time="0.001" /><testcase classname="tests.test_analyzers.TestAnalyzerImports" name="test_pronoun_analyzer_import" time="0.001" /><testcase classname="tests.test_analyzers.TestAnalyzerImports" name="test_clause_mate_analyzer_import" time="0.002" /><testcase classname="tests.test_analyzers.TestAnalyzerImports" name="test_validation_analyzer_import" time="0.001" /><testcase classname="tests.test_analyzers.TestBaseAnalyzerInterface" name="test_abstract_methods" time="0.001" /><testcase classname="tests.test_analyzers.TestBaseAnalyzerInterface" name="test_is_abstract" time="0.001" /><testcase classname="tests.test_analyzers.TestStatisticalAnalyzerInterface" name="test_abstract_methods" time="0.001" /><testcase classname="tests.test_analyzers.TestStatisticalAnalyzerInterface" name="test_inheritance" time="0.001" /><testcase classname="tests.test_analyzers.TestCoreferenceAnalyzerInterface" name="test_abstract_methods" time="0.001" /><testcase classname="tests.test_analyzers.TestPronounAnalyzerInterface" name="test_abstract_methods" time="0.001" /><testcase classname="tests.test_analyzers.TestClauseMateAnalyzerInterface" name="test_abstract_methods" time="0.001" /><testcase classname="tests.test_analyzers.TestValidationAnalyzerInterface" name="test_abstract_methods" time="0.001" /><testcase classname="tests.test_analyzers.TestMockAnalyzer" name="test_mock_analyzer_creation" time="0.001" /><testcase classname="tests.test_analyzers.TestMockAnalyzer" name="test_mock_analyze" time="0.001" /><testcase classname="tests.test_analyzers.TestMockAnalyzer" name="test_mock_can_analyze" time="0.001" /><testcase classname="tests.test_benchmark.TestBenchmarkResult" name="test_benchmark_result_creation" time="0.001" /><testcase classname="tests.test_benchmark.TestPerformanceBenchmark" name="test_initialization_success" time="0.003" /><testcase classname="tests.test_benchmark.TestPerformanceBenchmark" name="test_initialization_without_psutil" time="0.002" /><testcase classname="tests.test_benchmark.TestPerformanceBenchmark" name="test_benchmark_function" time="0.004" /><testcase classname="tests.test_benchmark.TestPerformanceBenchmark" name="test_benchmark_function_no_output_file" time="0.004" /><testcase classname="tests.test_benchmark.TestPerformanceBenchmark" name="test_benchmark_function_zero_execution_time" time="0.005" /><testcase classname="tests.test_benchmark.TestPerformanceBenchmark" name="test_compare_phases" time="0.029" /><testcase classname="tests.test_benchmark.TestPerformanceBenchmark" name="test_compare_phases_missing_files" time="0.007" /><testcase classname="tests.test_benchmark.TestPerformanceBenchmark" name="test_save_benchmark_results" time="0.156" /><testcase classname="tests.test_benchmark.TestPerformanceBenchmark" name="test_run_benchmarks" time="0.006" /><testcase classname="tests.test_benchmark.TestPerformanceBenchmark" name="test_system_info_collection" time="0.009" /><testcase classname="tests.test_benchmark.TestPerformanceBenchmark" name="test_system_info_collection_without_psutil" time="0.005" /><testcase classname="tests.test_coreference_extractor.TestCoreferenceExtractor" name="test_initialization" time="0.002" /><testcase classname="tests.test_coreference_extractor.TestCoreferenceExtractor" name="test_extract_basic" time="0.004" /><testcase classname="tests.test_coreference_extractor.TestCoreferenceExtractor" name="test_extract_no_coreference" time="0.001" /><testcase classname="tests.test_coreference_extractor.TestCoreferenceExtractor" name="test_can_extract_with_coreference_links" time="0.001" /><testcase classname="tests.test_coreference_extractor.TestCoreferenceExtractor" name="test_can_extract_with_coreference_types" time="0.001" /><testcase classname="tests.test_coreference_extractor.TestCoreferenceExtractor" name="test_can_extract_with_inanimate_coreference" time="0.001" /><testcase classname="tests.test_coreference_extractor.TestCoreferenceExtractor" name="test_can_extract_no_coreference" time="0.001" /><testcase classname="tests.test_coreference_extractor.TestCoreferenceExtractor" name="test_extract_coreference_chains_multiple_contexts" time="0.010" /><testcase classname="tests.test_coreference_extractor.TestCoreferenceExtractor" name="test_find_mentions" time="0.001" /><testcase classname="tests.test_coreference_extractor.TestCoreferenceExtractor" name="test_link_mentions_to_existing_chains" time="0.001" /><testcase classname="tests.test_coreference_extractor.TestCoreferenceExtractor" name="test_link_mentions_creates_new_chain" time="0.002" /><testcase classname="tests.test_coreference_extractor.TestCoreferenceExtractor" name="test_extract_all_ids_from_token_animate" time="0.005" /><testcase classname="tests.test_coreference_extractor.TestCoreferenceExtractor" name="test_extract_all_ids_from_token_inanimate" time="0.002" /><testcase classname="tests.test_coreference_extractor.TestCoreferenceExtractor" name="test_extract_all_ids_from_token_mixed" time="0.003" /><testcase classname="tests.test_coreference_extractor.TestCoreferenceExtractor" name="test_extract_all_ids_from_token_no_coreference" time="0.003" /><testcase classname="tests.test_coreference_extractor.TestCoreferenceExtractor" name="test_extract_ids_from_string" time="0.002" /><testcase classname="tests.test_coreference_extractor.TestCoreferenceExtractor" name="test_has_coreference_info" time="0.002" /><testcase classname="tests.test_coreference_extractor.TestCoreferenceExtractor" name="test_build_local_chains" time="0.001" /><testcase classname="tests.test_coreference_extractor.TestCoreferenceExtractor" name="test_determine_chain_animacy_animate" time="0.003" /><testcase classname="tests.test_coreference_extractor.TestCoreferenceExtractor" name="test_determine_chain_animacy_inanimate" time="0.002" /><testcase classname="tests.test_coreference_extractor.TestCoreferenceExtractor" name="test_determine_chain_animacy_default" time="0.002" /><testcase classname="tests.test_coreference_extractor.TestCoreferenceExtractor" name="test_determine_token_animacy" time="0.002" /><testcase classname="tests.test_coreference_extractor.TestCoreferenceExtractor" name="test_extract_all_ids_from_context" time="0.005" /><testcase classname="tests.test_cross_chapter_visualization" name="test_visualization" time="0.002" /><testcase classname="tests.test_cross_file_coreference_resolver.TestCrossFileCoreferenceResolver" name="test_initialization" time="0.002" /><testcase classname="tests.test_cross_file_coreference_resolver.TestCrossFileCoreferenceResolver" name="test_resolve_cross_chapter_chains_empty_input" time="0.001" /><testcase classname="tests.test_cross_file_coreference_resolver.TestCrossFileCoreferenceResolver" name="test_resolve_cross_chapter_chains_single_chapter" time="0.002" /><testcase classname="tests.test_cross_file_coreference_resolver.TestCrossFileCoreferenceResolver" name="test_resolve_cross_chapter_chains_multiple_chapters_same_chains" time="0.003" /><testcase classname="tests.test_cross_file_coreference_resolver.TestCrossFileCoreferenceResolver" name="test_resolve_cross_chapter_chains_no_cross_chapter_chains" time="0.002" /><testcase classname="tests.test_cross_file_coreference_resolver.TestCrossFileCoreferenceResolver" name="test_extract_chapter_chains_with_pronoun_coref_ids" time="0.003" /><testcase classname="tests.test_cross_file_coreference_resolver.TestCrossFileCoreferenceResolver" name="test_extract_chapter_chains_with_clause_mate_coref" time="0.002" /><testcase classname="tests.test_cross_file_coreference_resolver.TestCrossFileCoreferenceResolver" name="test_identify_cross_chapter_connections" time="0.001" /><testcase classname="tests.test_cross_file_coreference_resolver.TestCrossFileCoreferenceResolver" name="test_merge_connected_chains" time="0.002" /><testcase classname="tests.test_cross_file_coreference_resolver.TestCrossFileCoreferenceResolver" name="test_dfs_connected_chains" time="0.001" /><testcase classname="tests.test_cross_file_coreference_resolver.TestCrossFileCoreferenceResolver" name="test_normalize_text" time="0.001" /><testcase classname="tests.test_cross_file_coreference_resolver.TestCrossFileCoreferenceResolver" name="test_extract_chapter_number" time="0.001" /><testcase classname="tests.test_cross_file_coreference_resolver.TestCrossFileCoreferenceResolver" name="test_chains_are_connected_exact_match" time="0.001" /><testcase classname="tests.test_cross_file_coreference_resolver.TestCrossFileCoreferenceResolver" name="test_chains_are_connected_entity_overlap" time="0.001" /><testcase classname="tests.test_cross_file_coreference_resolver.TestCrossFileCoreferenceResolver" name="test_chains_are_connected_key_entity_overlap" time="0.001" /><testcase classname="tests.test_cross_file_coreference_resolver.TestCrossFileCoreferenceResolver" name="test_chains_are_connected_no_connection" time="0.001" /><testcase classname="tests.test_cross_file_coreference_resolver.TestCrossFileCoreferenceResolver" name="test_get_cross_chapter_summary" time="0.002" /><testcase classname="tests.test_cross_file_coreference_resolver.TestCrossFileCoreferenceResolver" name="test_logging_initialization" time="0.002" /><testcase classname="tests.test_cross_file_coreference_resolver.TestCrossFileCoreferenceResolver" name="test_resolve_cross_chapter_chains_with_complex_data" time="0.004" /><testcase classname="tests.test_data_source_loader.TestDataSourceLoader" name="test_initialization" time="0.003" /><testcase classname="tests.test_data_source_loader.TestDataSourceLoader" name="test_initialization_default_root" time="0.004" /><testcase classname="tests.test_data_source_loader.TestDataSourceLoader" name="test_get_data_directory_test_data" time="0.007" /><testcase classname="tests.test_data_source_loader.TestDataSourceLoader" name="test_get_data_directory_private_local_exists" time="0.007" /><testcase classname="tests.test_data_source_loader.TestDataSourceLoader" name="test_get_data_directory_private_local_not_exists" time="0.007" /><testcase classname="tests.test_data_source_loader.TestDataSourceLoader" name="test_get_data_directory_custom_path_exists" time="0.006" /><testcase classname="tests.test_data_source_loader.TestDataSourceLoader" name="test_get_data_directory_custom_path_not_exists" time="0.007" /><testcase classname="tests.test_data_source_loader.TestDataSourceLoader" name="test_get_data_directory_private_git_repo" time="1.086" /><testcase classname="tests.test_data_source_loader.TestDataSourceLoader" name="test_update_private_repository_success" time="0.006" /><testcase classname="tests.test_data_source_loader.TestDataSourceLoader" name="test_update_private_repository_failure" time="0.004" /><testcase classname="tests.test_data_source_loader.TestDataSourceLoader" name="test_update_private_repository_no_git" time="0.003" /><testcase classname="tests.test_data_source_loader.TestDataSourceLoader" name="test_get_repository_status_no_repo" time="0.003" /><testcase classname="tests.test_data_source_loader.TestDataSourceLoader" name="test_get_repository_status_with_repo" time="0.005" /><testcase classname="tests.test_data_source_loader.TestDataSourceLoader" name="test_get_repository_status_git_failure" time="0.004" /><testcase classname="tests.test_data_source_loader.TestDataSourceLoader" name="test_get_available_files" time="0.007" /><testcase classname="tests.test_data_source_loader.TestDataSourceLoader" name="test_get_data_source_info" time="0.010" /><testcase classname="tests.test_data_source_loader.TestDataSourceLoader" name="test_get_data_source_info_private" time="0.005" /><testcase classname="tests.test_data_source_loader.TestDataSourceLoader" name="test_ensure_data_available_success" time="0.006" /><testcase classname="tests.test_data_source_loader.TestDataSourceLoader" name="test_ensure_data_available_no_files" time="0.014" /><testcase classname="tests.test_data_source_loader.TestDataSourceLoader" name="test_ensure_data_available_error" time="0.007" /><testcase classname="tests.test_data_source_loader.TestSetupDataSourceForMain" name="test_setup_data_source_for_main_success" time="0.001" /><testcase classname="tests.test_data_source_loader.TestSetupDataSourceForMain" name="test_setup_data_source_for_main_no_data" time="0.002" /><testcase classname="tests.test_enhanced_output_system.TestChapterMetadata" name="test_chapter_metadata_creation" time="0.001" /><testcase classname="tests.test_enhanced_output_system.TestCrossChapterConnection" name="test_cross_chapter_connection_creation" time="0.001" /><testcase classname="tests.test_enhanced_output_system.TestProcessingStatistics" name="test_processing_statistics_creation" time="0.001" /><testcase classname="tests.test_enhanced_output_system.TestEnhancedOutputSystem" name="test_initialization" time="0.003" /><testcase classname="tests.test_enhanced_output_system.TestEnhancedOutputSystem" name="test_initialization_with_logger" time="0.003" /><testcase classname="tests.test_enhanced_output_system.TestEnhancedOutputSystem" name="test_create_enhanced_csv_output_empty_relationships" time="0.008" /><testcase classname="tests.test_enhanced_output_system.TestEnhancedOutputSystem" name="test_create_enhanced_csv_output_with_relationships" time="0.015" /><testcase classname="tests.test_enhanced_output_system.TestEnhancedOutputSystem" name="test_create_comprehensive_statistics_empty_data" time="0.006" /><testcase classname="tests.test_enhanced_output_system.TestEnhancedOutputSystem" name="test_create_comprehensive_statistics_with_data" time="0.021" /><testcase classname="tests.test_enhanced_output_system.TestEnhancedOutputSystem" name="test_create_chapter_boundary_report_empty_data" time="0.003" /><testcase classname="tests.test_enhanced_output_system.TestEnhancedOutputSystem" name="test_create_chapter_boundary_report_with_data" time="0.011" /><testcase classname="tests.test_enhanced_output_system.TestEnhancedOutputSystem" name="test_analyze_cross_chapter_relationship_no_connections" time="0.002" /><testcase classname="tests.test_enhanced_output_system.TestEnhancedOutputSystem" name="test_analyze_cross_chapter_relationship_with_connection" time="0.002" /><testcase classname="tests.test_enhanced_output_system.TestEnhancedOutputSystem" name="test_calculate_analysis_scores_basic_relationship" time="0.004" /><testcase classname="tests.test_enhanced_output_system.TestEnhancedOutputSystem" name="test_calculate_analysis_scores_no_chapter_meta" time="0.005" /><testcase classname="tests.test_enhanced_output_system.TestEnhancedOutputSystem" name="test_create_boundary_marker_chapter_beginning" time="0.002" /><testcase classname="tests.test_enhanced_output_system.TestEnhancedOutputSystem" name="test_create_boundary_marker_chapter_end" time="0.002" /><testcase classname="tests.test_enhanced_output_system.TestEnhancedOutputSystem" name="test_create_boundary_marker_chapter_middle" time="0.002" /><testcase classname="tests.test_enhanced_output_system.TestEnhancedOutputSystem" name="test_calculate_narrative_continuity_no_connections" time="0.003" /><testcase classname="tests.test_enhanced_output_system.TestEnhancedOutputSystem" name="test_calculate_narrative_continuity_with_connections" time="0.002" /><testcase classname="tests.test_env_loader.TestEnvLoader" name="test_load_env_vars_nonexistent_file" time="0.001" /><testcase classname="tests.test_env_loader.TestEnvLoader" name="test_load_env_vars_empty_file" time="0.002" /><testcase classname="tests.test_env_loader.TestEnvLoader" name="test_load_env_vars_with_variables" time="0.003" /><testcase classname="tests.test_env_loader.TestEnvLoader" name="test_load_env_vars_ignores_comments_and_empty_lines" time="0.004" /><testcase classname="tests.test_env_loader.TestEnvLoader" name="test_get_env_var_with_value" time="0.001" /><testcase classname="tests.test_env_loader.TestEnvLoader" name="test_get_env_var_without_value" time="0.001" /><testcase classname="tests.test_env_loader.TestEnvLoader" name="test_get_env_var_with_default" time="0.001" /><testcase classname="tests.test_env_loader.TestEnvLoader" name="test_get_env_var_with_existing_default" time="0.001" /><testcase classname="tests.test_env_loader.TestEnvLoader" name="test_ensure_env_loaded_no_keys" time="0.001" /><testcase classname="tests.test_env_loader.TestEnvLoader" name="test_ensure_env_loaded_with_keys" time="0.001" /><testcase classname="tests.test_env_loader.TestEnvLoader" name="test_load_env_vars_default_file" time="0.001" /><testcase classname="tests.test_env_loader.TestEnvLoader" name="test_load_env_vars_custom_file" time="0.005" /><testcase classname="tests.test_incomplete_format_parser.TestIncompleteFormatParser" name="test_initialization" time="0.002" /><testcase classname="tests.test_incomplete_format_parser.TestIncompleteFormatParser" name="test_initialization_with_limitations" time="0.003" /><testcase classname="tests.test_incomplete_format_parser.TestIncompleteFormatParser" name="test_setup_column_mapping_with_preamble" time="0.007" /><testcase classname="tests.test_incomplete_format_parser.TestIncompleteFormatParser" name="test_setup_column_mapping_without_preamble" time="0.005" /><testcase classname="tests.test_incomplete_format_parser.TestIncompleteFormatParser" name="test_setup_12_column_mapping" time="0.001" /><testcase classname="tests.test_incomplete_format_parser.TestIncompleteFormatParser" name="test_setup_13_column_mapping" time="0.001" /><testcase classname="tests.test_incomplete_format_parser.TestIncompleteFormatParser" name="test_setup_minimal_column_mapping" time="0.003" /><testcase classname="tests.test_incomplete_format_parser.TestIncompleteFormatParser" name="test_detect_available_features_from_schema" time="0.002" /><testcase classname="tests.test_incomplete_format_parser.TestIncompleteFormatParser" name="test_extract_first_words" time="0.001" /><testcase classname="tests.test_incomplete_format_parser.TestIncompleteFormatParser" name="test_create_token_from_row_basic" time="0.001" /><testcase classname="tests.test_incomplete_format_parser.TestIncompleteFormatParser" name="test_create_token_from_row_with_coreference" time="0.001" /><testcase classname="tests.test_incomplete_format_parser.TestIncompleteFormatParser" name="test_create_token_from_row_short_row" time="0.002" /><testcase classname="tests.test_incomplete_format_parser.TestIncompleteFormatParser" name="test_create_token_from_row_invalid_token_id" time="0.001" /><testcase classname="tests.test_incomplete_format_parser.TestIncompleteFormatParser" name="test_get_limitations" time="0.001" /><testcase classname="tests.test_incomplete_format_parser.TestIncompleteFormatParser" name="test_get_compatibility_info" time="0.001" /><testcase classname="tests.test_incomplete_format_parser.TestIncompleteFormatParser" name="test_parse_sentence_streaming_basic" time="0.003" /><testcase classname="tests.test_incomplete_format_parser.TestIncompleteFormatParser" name="test_parse_sentence_streaming_file_not_found" time="0.001" /><testcase classname="tests.test_incomplete_format_parser.TestIncompleteFormatParser" name="test_parse_sentence_streaming_permission_error" time="0.002" /><testcase classname="tests.test_incomplete_format_parser.TestIncompleteFormatParser" name="test_create_sentence_context" time="0.003" /><testcase classname="tests.test_integrated_system" name="test_format_detection" time="0.002" /><testcase classname="tests.test_integrated_system" name="test_adaptive_analyzer" time="0.003" /><testcase classname="tests.test_integrated_system" name="test_legacy_fallback" time="0.002" /><testcase classname="tests.test_integrated_system" name="test_command_line_interface" time="1.333" /><testcase classname="tests.test_interactive_visualizer.TestInteractiveVisualizer" name="test_initialization" time="0.003" /><testcase classname="tests.test_interactive_visualizer.TestInteractiveVisualizer" name="test_create_cross_chapter_network_visualization" time="0.010" /><testcase classname="tests.test_interactive_visualizer.TestInteractiveVisualizer" name="test_create_cross_chapter_network_visualization_empty_data" time="0.011" /><testcase classname="tests.test_interactive_visualizer.TestInteractiveVisualizer" name="test_create_cross_chapter_network_visualization_custom_filename" time="0.011" /><testcase classname="tests.test_interactive_visualizer.TestInteractiveVisualizer" name="test_create_chapter_analysis_reports" time="0.007" /><testcase classname="tests.test_interactive_visualizer.TestInteractiveVisualizer" name="test_create_chapter_analysis_reports_empty_data" time="0.012" /><testcase classname="tests.test_interactive_visualizer.TestInteractiveVisualizer" name="test_create_chapter_analysis_reports_custom_filename" time="0.015" /><testcase classname="tests.test_interactive_visualizer.TestInteractiveVisualizer" name="test_create_comparative_dashboard" time="0.009" /><testcase classname="tests.test_interactive_visualizer.TestInteractiveVisualizer" name="test_create_comparative_dashboard_empty_data" time="0.012" /><testcase classname="tests.test_interactive_visualizer.TestInteractiveVisualizer" name="test_create_comparative_dashboard_custom_filename" time="0.007" /><testcase classname="tests.test_interactive_visualizer.TestInteractiveVisualizer" name="test_create_comparative_dashboard_pronoun_type_analysis" time="0.014" /><testcase classname="tests.test_interactive_visualizer.TestInteractiveVisualizer" name="test_create_comparative_dashboard_distance_analysis" time="0.012" /><testcase classname="tests.test_interactive_visualizer.TestInteractiveVisualizer" name="test_create_comparative_dashboard_givenness_analysis" time="0.009" /><testcase classname="tests.test_interactive_visualizer.TestInteractiveVisualizer" name="test_create_comparative_dashboard_performance_metrics" time="0.007" /><testcase classname="tests.test_interactive_visualizer.TestInteractiveVisualizer" name="test_output_directory_creation" time="0.011" /><testcase classname="tests.test_interactive_visualizer.TestInteractiveVisualizer" name="test_html_content_structure" time="0.007" /><testcase classname="tests.test_interactive_visualizer.TestInteractiveVisualizer" name="test_json_data_serialization" time="0.013" /><testcase classname="tests.test_interactive_visualizer.TestInteractiveVisualizer" name="test_timestamp_in_output" time="0.010" /><testcase classname="tests.test_interactive_visualizer.TestInteractiveVisualizer" name="test_logger_usage" time="0.007" /><testcase classname="tests.test_interactive_visualizer.TestInteractiveVisualizer" name="test_file_encoding_utf8" time="0.008" /><testcase classname="tests.test_multi_file_batch_processor.TestMultiFileBatchProcessor" name="test_initialization" time="0.002" /><testcase classname="tests.test_multi_file_batch_processor.TestMultiFileBatchProcessor" name="test_initialization_with_disabled_resolution" time="0.001" /><testcase classname="tests.test_multi_file_batch_processor.TestMultiFileBatchProcessor" name="test_discover_chapter_files_single_file" time="0.006" /><testcase classname="tests.test_multi_file_batch_processor.TestMultiFileBatchProcessor" name="test_discover_chapter_files_invalid_extension" time="0.002" /><testcase classname="tests.test_multi_file_batch_processor.TestMultiFileBatchProcessor" name="test_discover_chapter_files_directory_main_files" time="0.007" /><testcase classname="tests.test_multi_file_batch_processor.TestMultiFileBatchProcessor" name="test_discover_chapter_files_directory_with_later_subdirectory" time="0.005" /><testcase classname="tests.test_multi_file_batch_processor.TestMultiFileBatchProcessor" name="test_discover_chapter_files_nonexistent_path" time="0.001" /><testcase classname="tests.test_multi_file_batch_processor.TestMultiFileBatchProcessor" name="test_discover_chapter_files_empty_directory" time="0.002" /><testcase classname="tests.test_multi_file_batch_processor.TestMultiFileBatchProcessor" name="test_analyze_chapter_files" time="0.006" /><testcase classname="tests.test_multi_file_batch_processor.TestMultiFileBatchProcessor" name="test_analyze_chapter_files_with_different_formats" time="0.369" /><testcase classname="tests.test_multi_file_batch_processor.TestMultiFileBatchProcessor" name="test_process_files_success" time="0.016" /><testcase classname="tests.test_multi_file_batch_processor.TestMultiFileBatchProcessor" name="test_process_files_with_error" time="0.004" /><testcase classname="tests.test_multi_file_batch_processor.TestMultiFileBatchProcessor" name="test_get_processing_summary" time="0.002" /><testcase classname="tests.test_multi_file_batch_processor.TestMultiFileBatchProcessor" name="test_build_cross_chapter_lookup" time="0.002" /><testcase classname="tests.test_multi_file_batch_processor.TestMultiFileBatchProcessor" name="test_normalize_entity_text" time="0.001" /><testcase classname="tests.test_multi_file_batch_processor.TestMultiFileBatchProcessor" name="test_chapter_info_dataclass" time="0.001" /><testcase classname="tests.test_multi_file_batch_processor.TestMultiFileBatchProcessor" name="test_multi_file_processing_result_dataclass" time="0.001" /><testcase classname="tests.test_multi_file_batch_processor.TestMultiFileBatchProcessor" name="test_process_files_without_cross_chapter_resolution" time="0.004" /><testcase classname="tests.test_multi_file_batch_processor.TestMultiFileBatchProcessor" name="test_extract_chapter_number_from_filename" time="0.001" /><testcase classname="tests.test_multi_file_batch_processor.TestMultiFileBatchProcessor" name="test_chapter_files_sorting" time="0.005" /><testcase classname="tests.test_multi_file_processing" name="test_multi_file_processing" time="0.008" /><testcase classname="tests.test_phase2_components.TestModularComponents" name="test_analyzer_initialization" time="0.004" /><testcase classname="tests.test_phase2_components.TestModularComponents" name="test_analyzer_with_test_file" time="0.012" /><testcase classname="tests.test_phase2_components.TestModularComponents" name="test_coreference_id_extraction" time="0.004" /><testcase classname="tests.test_phase2_components.TestModularComponents" name="test_sentence_boundary_detection" time="0.003"><skipped type="pytest.skip" message="Test expects different boundary detection behavior - needs review">c:\GitHub\clausemate\tests\test_phase2_components.py:82: Test expects different boundary detection behavior - needs review</skipped></testcase><testcase classname="tests.test_phase2_components.TestModularComponents" name="test_streaming_parser_with_content" time="0.009" /><testcase classname="tests.test_phase2_components.TestModularComponents" name="test_token_creation" time="0.003" /><testcase classname="tests.test_phase2_components.TestModularComponents" name="test_token_validation" time="0.003" /><testcase classname="tests.test_phase2_components.TestDataModels" name="test_sentence_context_creation" time="0.004" /><testcase classname="tests.test_phrase_extractor.TestPhraseExtractor" name="test_initialization" time="0.003" /><testcase classname="tests.test_phrase_extractor.TestPhraseExtractor" name="test_extract_basic" time="0.003" /><testcase classname="tests.test_phrase_extractor.TestPhraseExtractor" name="test_extract_no_phrases" time="0.003" /><testcase classname="tests.test_phrase_extractor.TestPhraseExtractor" name="test_can_extract_with_coreference_links" time="0.003" /><testcase classname="tests.test_phrase_extractor.TestPhraseExtractor" name="test_can_extract_with_coreference_types" time="0.004" /><testcase classname="tests.test_phrase_extractor.TestPhraseExtractor" name="test_can_extract_with_inanimate_coreference" time="0.004" /><testcase classname="tests.test_phrase_extractor.TestPhraseExtractor" name="test_can_extract_no_coreference" time="0.003" /><testcase classname="tests.test_phrase_extractor.TestPhraseExtractor" name="test_extract_phrases_multiple_entities" time="0.003" /><testcase classname="tests.test_phrase_extractor.TestPhraseExtractor" name="test_extract_phrases_single_token_phrases" time="0.003" /><testcase classname="tests.test_phrase_extractor.TestPhraseExtractor" name="test_group_tokens_by_entity" time="0.003" /><testcase classname="tests.test_phrase_extractor.TestPhraseExtractor" name="test_is_phrase_boundary_same_entity" time="0.003" /><testcase classname="tests.test_phrase_extractor.TestPhraseExtractor" name="test_is_phrase_boundary_different_entity" time="0.002" /><testcase classname="tests.test_phrase_extractor.TestPhraseExtractor" name="test_is_phrase_boundary_no_coreference" time="0.002" /><testcase classname="tests.test_phrase_extractor.TestPhraseExtractor" name="test_get_coreference_ids_from_link" time="0.002" /><testcase classname="tests.test_phrase_extractor.TestPhraseExtractor" name="test_get_coreference_ids_from_type" time="0.002" /><testcase classname="tests.test_phrase_extractor.TestPhraseExtractor" name="test_get_coreference_ids_inanimate" time="0.002" /><testcase classname="tests.test_phrase_extractor.TestPhraseExtractor" name="test_get_coreference_ids_no_coreference" time="0.001" /><testcase classname="tests.test_phrase_extractor.TestPhraseExtractor" name="test_build_phrase_text" time="0.002" /><testcase classname="tests.test_phrase_extractor.TestPhraseExtractor" name="test_build_phrase_text_empty" time="0.002" /><testcase classname="tests.test_phrase_extractor.TestPhraseExtractor" name="test_validate_phrase_valid" time="0.003" /><testcase classname="tests.test_phrase_extractor.TestPhraseExtractor" name="test_validate_phrase_empty_tokens" time="0.004" /><testcase classname="tests.test_phrase_extractor.TestPhraseExtractor" name="test_validate_phrase_no_entity_id" time="0.003" /><testcase classname="tests.test_phrase_extractor.TestPhraseExtractor" name="test_validate_phrase_mismatched_entity" time="0.004" /><testcase classname="tests.test_preamble_parser.TestAnnotationSchema" name="test_annotation_schema_creation" time="0.002" /><testcase classname="tests.test_preamble_parser.TestPreambleParser" name="test_initialization" time="0.004" /><testcase classname="tests.test_preamble_parser.TestPreambleParser" name="test_reset" time="0.003" /><testcase classname="tests.test_preamble_parser.TestPreambleParser" name="test_parse_preamble_lines_span_annotations" time="0.003" /><testcase classname="tests.test_preamble_parser.TestPreambleParser" name="test_parse_preamble_lines_chain_annotations" time="0.002" /><testcase classname="tests.test_preamble_parser.TestPreambleParser" name="test_parse_preamble_lines_relation_annotations" time="0.004" /><testcase classname="tests.test_preamble_parser.TestPreambleParser" name="test_parse_preamble_lines_mixed_annotations" time="0.002" /><testcase classname="tests.test_preamble_parser.TestPreambleParser" name="test_parse_preamble_lines_empty_features" time="0.003" /><testcase classname="tests.test_preamble_parser.TestPreambleParser" name="test_calculate_column_positions_simple_span" time="0.002" /><testcase classname="tests.test_preamble_parser.TestPreambleParser" name="test_calculate_column_positions_span_with_features" time="0.002" /><testcase classname="tests.test_preamble_parser.TestPreambleParser" name="test_calculate_column_positions_mixed_annotations" time="0.002" /><testcase classname="tests.test_preamble_parser.TestPreambleParser" name="test_calculate_column_positions_empty_features" time="0.002" /><testcase classname="tests.test_preamble_parser.TestPreambleParser" name="test_get_coreference_columns_no_schema" time="0.001" /><testcase classname="tests.test_preamble_parser.TestPreambleParser" name="test_get_coreference_columns_with_schema" time="0.001" /><testcase classname="tests.test_preamble_parser.TestPreambleParser" name="test_get_morphological_columns_no_schema" time="0.001" /><testcase classname="tests.test_preamble_parser.TestPreambleParser" name="test_get_morphological_columns_with_schema" time="0.004" /><testcase classname="tests.test_preamble_parser.TestPreambleParser" name="test_get_pronoun_type_column_no_schema" time="0.002" /><testcase classname="tests.test_preamble_parser.TestPreambleParser" name="test_get_pronoun_type_column_found" time="0.001" /><testcase classname="tests.test_preamble_parser.TestPreambleParser" name="test_get_pronoun_type_column_not_found" time="0.001" /><testcase classname="tests.test_preamble_parser.TestPreambleParser" name="test_get_coreference_link_column_no_schema" time="0.001" /><testcase classname="tests.test_preamble_parser.TestPreambleParser" name="test_get_coreference_link_column_found" time="0.004" /><testcase classname="tests.test_preamble_parser.TestPreambleParser" name="test_get_coreference_type_column_no_schema" time="0.001" /><testcase classname="tests.test_preamble_parser.TestPreambleParser" name="test_get_coreference_type_column_found" time="0.001" /><testcase classname="tests.test_preamble_parser.TestPreambleParser" name="test_get_grammatical_role_column_no_schema" time="0.001" /><testcase classname="tests.test_preamble_parser.TestPreambleParser" name="test_get_grammatical_role_column_found" time="0.001" /><testcase classname="tests.test_preamble_parser.TestPreambleParser" name="test_get_thematic_role_column_no_schema" time="0.001" /><testcase classname="tests.test_preamble_parser.TestPreambleParser" name="test_get_thematic_role_column_found" time="0.003" /><testcase classname="tests.test_preamble_parser.TestExtractPreambleFromFile" name="test_extract_preamble_from_file_success" time="0.007" /><testcase classname="tests.test_preamble_parser.TestExtractPreambleFromFile" name="test_extract_preamble_from_file_no_preamble" time="0.005" /><testcase classname="tests.test_preamble_parser.TestExtractPreambleFromFile" name="test_extract_preamble_from_file_empty_file" time="0.009" /><testcase classname="tests.test_preamble_parser.TestExtractPreambleFromFile" name="test_extract_preamble_from_file_file_not_found" time="0.003" /><testcase classname="tests.test_preamble_parser.TestExtractPreambleFromFile" name="test_extract_preamble_from_file_encoding_error" time="0.002" /><testcase classname="tests.test_pronoun_extractor.TestPronounExtractor" name="test_initialization" time="0.002" /><testcase classname="tests.test_pronoun_extractor.TestPronounExtractor" name="test_extract_basic" time="0.001" /><testcase classname="tests.test_pronoun_extractor.TestPronounExtractor" name="test_extract_no_pronouns" time="0.001" /><testcase classname="tests.test_pronoun_extractor.TestPronounExtractor" name="test_can_extract_with_tokens" time="0.002" /><testcase classname="tests.test_pronoun_extractor.TestPronounExtractor" name="test_can_extract_empty_tokens" time="0.001" /><testcase classname="tests.test_pronoun_extractor.TestPronounExtractor" name="test_extract_pronouns_mixed_tokens" time="0.001" /><testcase classname="tests.test_pronoun_extractor.TestPronounExtractor" name="test_classify_pronoun_personal_masculine" time="0.001" /><testcase classname="tests.test_pronoun_extractor.TestPronounExtractor" name="test_classify_pronoun_personal_feminine" time="0.001" /><testcase classname="tests.test_pronoun_extractor.TestPronounExtractor" name="test_classify_pronoun_personal_neuter" time="0.003" /><testcase classname="tests.test_pronoun_extractor.TestPronounExtractor" name="test_classify_pronoun_personal_plural" time="0.001" /><testcase classname="tests.test_pronoun_extractor.TestPronounExtractor" name="test_classify_pronoun_d_pronoun" time="0.001" /><testcase classname="tests.test_pronoun_extractor.TestPronounExtractor" name="test_classify_pronoun_demonstrative" time="0.002" /><testcase classname="tests.test_pronoun_extractor.TestPronounExtractor" name="test_classify_pronoun_with_coreference_animate" time="0.001" /><testcase classname="tests.test_pronoun_extractor.TestPronounExtractor" name="test_classify_pronoun_with_inanimate_coreference" time="0.001" /><testcase classname="tests.test_pronoun_extractor.TestPronounExtractor" name="test_classify_pronoun_unknown" time="0.005" /><testcase classname="tests.test_pronoun_extractor.TestPronounExtractor" name="test_is_pronoun_critical_pronoun" time="0.004" /><testcase classname="tests.test_pronoun_extractor.TestPronounExtractor" name="test_is_pronoun_non_pronoun" time="0.003" /><testcase classname="tests.test_pronoun_extractor.TestPronounExtractor" name="test_is_pronoun_with_coreference_annotation" time="0.001" /><testcase classname="tests.test_pronoun_extractor.TestPronounExtractor" name="test_is_pronoun_with_inanimate_coreference_annotation" time="0.001" /><testcase classname="tests.test_pronoun_extractor.TestPronounExtractor" name="test_is_critical_pronoun" time="0.001" /><testcase classname="tests.test_pronoun_extractor.TestPronounExtractor" name="test_has_pronoun_coreference_annotation_personal" time="0.001" /><testcase classname="tests.test_pronoun_extractor.TestPronounExtractor" name="test_has_pronoun_coreference_annotation_d_pronoun" time="0.001" /><testcase classname="tests.test_pronoun_extractor.TestPronounExtractor" name="test_has_pronoun_coreference_annotation_demonstrative" time="0.001" /><testcase classname="tests.test_pronoun_extractor.TestPronounExtractor" name="test_has_pronoun_coreference_annotation_inanimate" time="0.001" /><testcase classname="tests.test_pronoun_extractor.TestPronounExtractor" name="test_has_pronoun_coreference_annotation_no_pronoun" time="0.001" /><testcase classname="tests.test_pronoun_extractor.TestPronounExtractor" name="test_has_pronoun_coreference_annotation_no_coreference" time="0.001" /><testcase classname="tests.test_run_phase2.TestRunPhase2EntryPoint" name="test_script_imports" time="0.002" /><testcase classname="tests.test_run_phase2.TestRunPhase2EntryPoint" name="test_main_function_import" time="0.001" /><testcase classname="tests.test_run_phase2.TestRunPhase2EntryPoint" name="test_script_structure" time="0.004" /><testcase classname="tests.test_run_phase2.TestRunPhase2EntryPoint" name="test_path_setup" time="0.001" /><testcase classname="tests.test_run_phase2.TestRunPhase2EntryPoint" name="test_script_execution_path" time="0.001" /><testcase classname="tests.test_schema_aware_parser" name="test_schema_aware_parsing" time="0.013" /><testcase classname="tests.test_tsv_parser.TestTSVParser" name="test_initialization" time="0.001" /><testcase classname="tests.test_tsv_parser.TestTSVParser" name="test_parse_file_file_not_found" time="0.001" /><testcase classname="tests.test_tsv_parser.TestTSVParser" name="test_parse_file_permission_error" time="0.005" /><testcase classname="tests.test_tsv_parser.TestTSVParser" name="test_parse_file_generic_error" time="0.003" /><testcase classname="tests.test_tsv_parser.TestTSVParser" name="test_parse_token_line_insufficient_columns" time="0.001" /><testcase classname="tests.test_tsv_parser.TestTSVParser" name="test_parse_token_line_invalid_token_id" time="0.001" /><testcase classname="tests.test_tsv_parser.TestTSVParser" name="test_parse_token_line_value_error" time="0.001" /><testcase classname="tests.test_tsv_parser.TestTSVParser" name="test_extract_sentence_id_text_format" time="0.005" /><testcase classname="tests.test_tsv_parser.TestTSVParser" name="test_extract_sentence_id_sent_id_format" time="0.001" /><testcase classname="tests.test_tsv_parser.TestTSVParser" name="test_extract_sentence_id_fallback" time="0.001" /><testcase classname="tests.test_tsv_parser.TestTSVParser" name="test_extract_sentence_num_with_number" time="0.001" /><testcase classname="tests.test_tsv_parser.TestTSVParser" name="test_extract_sentence_num_no_number" time="0.001" /><testcase classname="tests.test_tsv_parser.TestTSVParser" name="test_extract_sentence_num_hash_consistency" time="0.001" /><testcase classname="tests.test_tsv_parser.TestTSVParser" name="test_is_sentence_boundary_positive" time="0.004" /><testcase classname="tests.test_tsv_parser.TestTSVParser" name="test_is_sentence_boundary_negative" time="0.003" /><testcase classname="tests.test_tsv_parser.TestTSVParser" name="test_extract_first_words_normal" time="0.001" /><testcase classname="tests.test_tsv_parser.TestTSVParser" name="test_extract_first_words_empty" time="0.001" /><testcase classname="tests.test_tsv_parser.TestTSVParser" name="test_extract_first_words_no_text_marker" time="0.001" /><testcase classname="tests.test_tsv_parser.TestTSVParser" name="test_parse_sentence_streaming_insufficient_columns_error" time="0.009" /><testcase classname="tests.test_tsv_parser.TestTSVParser" name="test_parse_sentence_streaming_file_not_found" time="0.002" /><testcase classname="tests.test_tsv_parser.TestTSVParser" name="test_parse_sentence_streaming_permission_error" time="0.002" /><testcase classname="tests.test_tsv_parser.TestTSVParser" name="test_parse_token_line_with_coreference" time="0.001" /><testcase classname="tests.test_tsv_parser.TestTSVParser" name="test_parse_token_line_minimal_columns" time="0.002" /><testcase classname="tests.test_tsv_parser.TestTSVParser" name="test_parse_token_line_inanimate_coreference" time="0.002" /><testcase classname="tests.test_tsv_parser.TestTSVParser" name="test_parse_token_line_missing_optional_columns" time="0.001" /><testcase classname="tests.test_tsv_parser.TestDefaultTokenProcessor" name="test_validate_token_valid" time="0.001" /><testcase classname="tests.test_tsv_parser.TestDefaultTokenProcessor" name="test_validate_token_invalid_idx" time="0.001" /><testcase classname="tests.test_tsv_parser.TestDefaultTokenProcessor" name="test_validate_token_empty_text" time="0.001" /><testcase classname="tests.test_tsv_parser.TestDefaultTokenProcessor" name="test_validate_token_whitespace_text" time="0.001" /><testcase classname="tests.test_tsv_parser.TestDefaultTokenProcessor" name="test_validate_token_exception" time="0.002" /><testcase classname="tests.test_tsv_parser.TestDefaultTokenProcessor" name="test_enrich_token" time="0.003" /><testcase classname="tests.test_unified_sentence_manager.TestUnifiedSentenceManager" name="test_initialization" time="0.001" /><testcase classname="tests.test_unified_sentence_manager.TestUnifiedSentenceManager" name="test_process_chapters_empty_list" time="0.001" /><testcase classname="tests.test_unified_sentence_manager.TestUnifiedSentenceManager" name="test_process_chapters_single_chapter" time="0.001" /><testcase classname="tests.test_unified_sentence_manager.TestUnifiedSentenceManager" name="test_process_chapters_multiple_chapters" time="0.001" /><testcase classname="tests.test_unified_sentence_manager.TestUnifiedSentenceManager" name="test_get_global_sentence_id_mapped" time="0.001" /><testcase classname="tests.test_unified_sentence_manager.TestUnifiedSentenceManager" name="test_get_global_sentence_id_unmapped" time="0.002" /><testcase classname="tests.test_unified_sentence_manager.TestUnifiedSentenceManager" name="test_get_global_sentence_id_unmapped_no_number" time="0.002" /><testcase classname="tests.test_unified_sentence_manager.TestUnifiedSentenceManager" name="test_get_chapter_sentence_range_existing" time="0.002" /><testcase classname="tests.test_unified_sentence_manager.TestUnifiedSentenceManager" name="test_get_chapter_sentence_range_nonexistent" time="0.001" /><testcase classname="tests.test_unified_sentence_manager.TestUnifiedSentenceManager" name="test_get_total_sentences" time="0.001" /><testcase classname="tests.test_unified_sentence_manager.TestUnifiedSentenceManager" name="test_get_chapter_summary_empty" time="0.001" /><testcase classname="tests.test_unified_sentence_manager.TestUnifiedSentenceManager" name="test_get_chapter_summary_with_chapters" time="0.001" /><testcase classname="tests.test_unified_sentence_manager.TestUnifiedSentenceManager" name="test_extract_chapter_number_with_number" time="0.003" /><testcase classname="tests.test_unified_sentence_manager.TestUnifiedSentenceManager" name="test_extract_chapter_number_without_number" time="0.007" /><testcase classname="tests.test_unified_sentence_manager.TestUnifiedSentenceManager" name="test_process_chapters_with_gaps_in_sentence_ranges" time="0.007" /><testcase classname="tests.test_unified_sentence_manager.TestUnifiedSentenceManager" name="test_process_chapters_resets_counter" time="0.002" /><testcase classname="tests.test_unified_sentence_manager.TestUnifiedSentenceManager" name="test_get_global_sentence_id_case_insensitive_fallback" time="0.002" /><testcase classname="tests.test_utils.TestExtractCoreferenceType" name="test_extract_coreference_type_valid_perspron" time="0.002" /><testcase classname="tests.test_utils.TestExtractCoreferenceType" name="test_extract_coreference_type_valid_dpron" time="0.003" /><testcase classname="tests.test_utils.TestExtractCoreferenceType" name="test_extract_coreference_type_invalid_format" time="0.001" /><testcase classname="tests.test_utils.TestExtractCoreferenceType" name="test_extract_coreference_type_empty_string" time="0.001" /><testcase classname="tests.test_utils.TestExtractCoreferenceType" name="test_extract_coreference_type_missing_value" time="0.001" /><testcase classname="tests.test_utils.TestExtractCoreferenceId" name="test_extract_coreference_id_full_format" time="0.001" /><testcase classname="tests.test_utils.TestExtractCoreferenceId" name="test_extract_coreference_id_base_only" time="0.001" /><testcase classname="tests.test_utils.TestExtractCoreferenceId" name="test_extract_coreference_id_invalid_format" time="0.001" /><testcase classname="tests.test_utils.TestExtractCoreferenceId" name="test_extract_coreference_id_empty_string" time="0.004" /><testcase classname="tests.test_utils.TestExtractCoreferenceId" name="test_extract_coreference_id_missing_value" time="0.001" /><testcase classname="tests.test_utils.TestExtractFullCoreferenceId" name="test_extract_full_coreference_id_valid_link" time="0.001" /><testcase classname="tests.test_utils.TestExtractFullCoreferenceId" name="test_extract_full_coreference_id_base_only_link" time="0.001" /><testcase classname="tests.test_utils.TestExtractFullCoreferenceId" name="test_extract_full_coreference_id_invalid_format" time="0.002" /><testcase classname="tests.test_utils.TestExtractFullCoreferenceId" name="test_extract_full_coreference_id_no_arrow" time="0.001" /><testcase classname="tests.test_utils.TestExtractFullCoreferenceId" name="test_extract_full_coreference_id_empty_string" time="0.001" /><testcase classname="tests.test_utils.TestExtractFullCoreferenceId" name="test_extract_full_coreference_id_missing_value" time="0.001" /><testcase classname="tests.test_utils.TestDetermineGivenness" name="test_determine_givenness_first_mention" time="0.001" /><testcase classname="tests.test_utils.TestDetermineGivenness" name="test_determine_givenness_subsequent_mention" time="0.001" /><testcase classname="tests.test_utils.TestDetermineGivenness" name="test_determine_givenness_base_only" time="0.001" /><testcase classname="tests.test_utils.TestDetermineGivenness" name="test_determine_givenness_invalid_format" time="0.002" /><testcase classname="tests.test_utils.TestDetermineGivenness" name="test_determine_givenness_empty_string" time="0.002" /><testcase classname="tests.test_utils.TestDetermineGivenness" name="test_determine_givenness_missing_value" time="0.001" /><testcase classname="tests.test_utils.TestExtractCorefBaseAndOccurrence" name="test_extract_coref_base_and_occurrence_full_format" time="0.001" /><testcase classname="tests.test_utils.TestExtractCorefBaseAndOccurrence" name="test_extract_coref_base_and_occurrence_base_only" time="0.001" /><testcase classname="tests.test_utils.TestExtractCorefBaseAndOccurrence" name="test_extract_coref_base_and_occurrence_invalid_format" time="0.001" /><testcase classname="tests.test_utils.TestExtractCorefBaseAndOccurrence" name="test_extract_coref_base_and_occurrence_empty_string" time="0.001" /><testcase classname="tests.test_utils.TestExtractCorefBaseAndOccurrence" name="test_extract_coref_base_and_occurrence_missing_value" time="0.001" /><testcase classname="tests.test_utils.TestExtractCorefLinkNumbers" name="test_extract_coref_link_numbers_valid_link" time="0.002" /><testcase classname="tests.test_utils.TestExtractCorefLinkNumbers" name="test_extract_coref_link_numbers_base_only_link" time="0.001" /><testcase classname="tests.test_utils.TestExtractCorefLinkNumbers" name="test_extract_coref_link_numbers_no_arrow" time="0.001" /><testcase classname="tests.test_utils.TestExtractCorefLinkNumbers" name="test_extract_coref_link_numbers_invalid_format" time="0.001" /><testcase classname="tests.test_utils.TestExtractCorefLinkNumbers" name="test_extract_coref_link_numbers_empty_string" time="0.001" /><testcase classname="tests.test_utils.TestExtractCorefLinkNumbers" name="test_extract_coref_link_numbers_missing_value" time="0.001" /><testcase classname="tests.test_utils.TestUtilsInitFallbackFunctions" name="test_fallback_functions_when_spec_creation_fails" time="0.003" /><testcase classname="tests.test_utils.TestUtilsInitFallbackFunctions" name="test_fallback_functions_when_utils_file_not_exists" time="0.005" /><testcase classname="tests.test_utils.TestUtilsInitFallbackFunctions" name="test_fallback_functions_when_spec_loader_is_none" time="0.004" /><testcase classname="tests.test_utils.TestUtilsInitFallbackFunctions" name="test_fallback_function_signatures" time="0.009" /><testcase classname="tests.test_utils.TestUtilsInitFallbackFunctions" name="test_utils_init_all_exports" time="0.001" /><testcase classname="tests.test_verify_phase2" name="test_analyzer_initialization" time="0.001" /><testcase classname="tests.test_verify_phase2" name="test_coreference_extractor" time="0.002" /><testcase classname="tests.test_verify_phase2" name="test_end_to_end_with_sample" time="0.009" /><testcase classname="tests.test_verify_phase2" name="test_imports" time="0.001" /><testcase classname="tests.test_verify_phase2" name="test_parser_basic" time="0.004" /><testcase classname="tests.test_verify_phase2" name="test_token_creation" time="0.003" /><testcase classname="tests.test_verify_phase2.TestVerifyPhase2" name="test_import_module" time="0.001" /><testcase classname="tests.test_verify_phase2.TestVerifyPhase2" name="test_import_module_nonexistent" time="0.001" /><testcase classname="tests.test_verify_phase2.TestVerifyPhase2" name="test_test_imports_success" time="0.005" /><testcase classname="tests.test_verify_phase2.TestVerifyPhase2" name="test_test_imports_failure" time="0.006" /><testcase classname="tests.test_verify_phase2.TestVerifyPhase2" name="test_test_token_creation_success" time="0.002" /><testcase classname="tests.test_verify_phase2.TestVerifyPhase2" name="test_test_token_creation_failure" time="0.005" /><testcase classname="tests.test_verify_phase2.TestVerifyPhase2" name="test_test_parser_basic_success" time="0.002" /><testcase classname="tests.test_verify_phase2.TestVerifyPhase2" name="test_test_parser_basic_failure" time="0.002" /><testcase classname="tests.test_verify_phase2.TestVerifyPhase2" name="test_test_coreference_extractor_success" time="0.002" /><testcase classname="tests.test_verify_phase2.TestVerifyPhase2" name="test_test_coreference_extractor_failure" time="0.004" /><testcase classname="tests.test_verify_phase2.TestVerifyPhase2" name="test_test_analyzer_initialization_success" time="0.002" /><testcase classname="tests.test_verify_phase2.TestVerifyPhase2" name="test_test_analyzer_initialization_failure" time="0.002" /><testcase classname="tests.test_verify_phase2.TestVerifyPhase2" name="test_test_end_to_end_with_sample_success" time="0.008" /><testcase classname="tests.test_verify_phase2.TestVerifyPhase2" name="test_test_end_to_end_with_sample_failure" time="0.006" /><testcase classname="tests.test_verify_phase2.TestVerifyPhase2" name="test_main_all_tests_pass" time="0.007" /><testcase classname="tests.test_verify_phase2.TestVerifyPhase2" name="test_main_some_tests_fail" time="0.005" /><testcase classname="tests.test_verify_phase2.TestVerifyPhase2" name="test_main_all_tests_fail" time="0.006" /><testcase classname="tests.test_verify_phase2.TestVerifyPhase2" name="test_main_test_list_structure" time="0.004" /><testcase classname="tests.test_verify_phase2.TestVerifyPhase2" name="test_script_execution_success" time="0.002" /><testcase classname="tests.test_verify_phase2.TestVerifyPhase2" name="test_script_execution_failure" time="0.002" /><testcase classname="tests.test_verify_phase2.TestVerifyPhase2" name="test_end_to_end_creates_temp_file" time="0.009" /><testcase classname="tests.test_verify_phase2.TestVerifyPhase2" name="test_parser_boundary_detection" time="0.001" /><testcase classname="tests.test_verify_phase2.TestVerifyPhase2" name="test_token_with_coreference_extraction" time="0.001" /><testcase classname="tests.test_verify_phase2.TestVerifyPhase2" name="test_analyzer_statistics_initialization" time="0.001" /><testcase classname="tests.test_versioning.TestVersioningFunctions" name="test_get_version" time="0.003" /><testcase classname="tests.test_versioning.TestVersioningFunctions" name="test_create_processing_config" time="0.002" /><testcase classname="tests.test_versioning.TestDataVersionManager" name="test_initialization" time="0.003" /><testcase classname="tests.test_versioning.TestDataVersionManager" name="test_initialization_default_path" time="0.006" /><testcase classname="tests.test_versioning.TestDataVersionManager" name="test_compute_file_hash" time="0.007" /><testcase classname="tests.test_versioning.TestDataVersionManager" name="test_compute_file_hash_nonexistent_file" time="0.011" /><testcase classname="tests.test_versioning.TestDataVersionManager" name="test_create_metadata_basic" time="0.051" /><testcase classname="tests.test_versioning.TestDataVersionManager" name="test_create_metadata_nonexistent_output" time="0.015" /><testcase classname="tests.test_versioning.TestDataVersionManager" name="test_create_metadata_with_csv_statistics" time="0.020" /><testcase classname="tests.test_versioning.TestDataVersionManager" name="test_save_metadata_new_file" time="0.010" /><testcase classname="tests.test_versioning.TestDataVersionManager" name="test_save_metadata_existing_file" time="0.009" /><testcase classname="tests.test_versioning.TestDataVersionManager" name="test_validate_reproducibility_matching" time="0.008" /><testcase classname="tests.test_versioning.TestDataVersionManager" name="test_validate_reproducibility_different" time="0.004" /><testcase classname="tests.test_versioning.TestDataVersionManager" name="test_get_latest_metadata_no_file" time="0.002" /><testcase classname="tests.test_versioning.TestDataVersionManager" name="test_get_latest_metadata_empty_file" time="0.007" /><testcase classname="tests.test_versioning.TestDataVersionManager" name="test_get_latest_metadata_with_data" time="0.005" /><testcase classname="tests.test_versioning.TestDataVersionManager" name="test_get_latest_metadata_with_phase_filter" time="0.009" /><testcase classname="tests.test_versioning.TestDataVersionManager" name="test_get_latest_metadata_phase_not_found" time="0.005" /><testcase classname="tests.test_visualization.TestVisualizationImports" name="test_interactive_visualizer_import" time="0.002" /><testcase classname="tests.test_visualization.TestVisualizationImports" name="test_interactive_visualizer_instantiation" time="0.004" /><testcase classname="tests.test_visualization.TestVisualizationImports" name="test_interactive_visualizer_has_expected_methods" time="0.002" /><testcase classname="tests.test_visualization.TestVisualizationImports" name="test_module_docstring" time="0.001" /><testcase classname="tests.test_visualization.TestVisualizationImports" name="test_module_all_exports" time="0.001" /><testcase classname="tests.test_visualization.TestVisualizationImports" name="test_visualizer_logger" time="0.004" /><testcase classname="tests.unit.test_data_models.TestToken" name="test_token_creation_valid" time="0.003" /><testcase classname="tests.unit.test_data_models.TestToken" name="test_token_validation_invalid_idx" time="0.002" /><testcase classname="tests.unit.test_data_models.TestToken" name="test_token_validation_negative_sentence_num" time="0.002" /><testcase classname="tests.unit.test_data_models.TestToken" name="test_token_validation_empty_text" time="0.005" /><testcase classname="tests.unit.test_data_models.TestToken" name="test_token_columns_initialization" time="0.002" /><testcase classname="tests.unit.test_data_models.TestPhrase" name="test_phrase_creation_valid" time="0.001" /><testcase classname="tests.unit.test_data_models.TestPhrase" name="test_phrase_validation_invalid_indices" time="0.001" /><testcase classname="tests.unit.test_data_models.TestPhrase" name="test_phrase_validation_zero_indices" time="0.003" /><testcase classname="tests.unit.test_data_models.TestPhrase" name="test_phrase_validation_empty_text" time="0.003" /><testcase classname="tests.unit.test_data_models.TestPhrase" name="test_phrase_validation_empty_coref_id" time="0.001" /><testcase classname="tests.unit.test_data_models.TestAntecedentInfo" name="test_antecedent_info_creation_valid" time="0.001" /><testcase classname="tests.unit.test_data_models.TestAntecedentInfo" name="test_antecedent_info_validation_negative_choice_count" time="0.001" /><testcase classname="tests.unit.test_data_models.TestSentenceContext" name="test_sentence_context_creation_valid" time="0.003" /><testcase classname="tests.unit.test_data_models.TestSentenceContext" name="test_sentence_context_validation_invalid_sentence_num" time="0.003" /><testcase classname="tests.unit.test_data_models.TestSentenceContext" name="test_sentence_context_validation_empty_sentence_id" time="0.001" /><testcase classname="tests.unit.test_data_models.TestSentenceContext" name="test_sentence_context_validation_no_tokens" time="0.002" /><testcase classname="tests.unit.test_data_models.TestClauseMateRelationship" name="test_relationship_creation_valid" time="0.008" /><testcase classname="tests.unit.test_data_models.TestClauseMateRelationship" name="test_relationship_validation_invalid_sentence_num" time="0.002" /><testcase classname="tests.unit.test_data_models.TestClauseMateRelationship" name="test_relationship_validation_invalid_clause_mates_count" time="0.002" /><testcase classname="tests.unit.test_data_models.TestClauseMateRelationship" name="test_relationship_validation_empty_sentence_id" time="0.005" /><testcase classname="tests.unit.test_data_models.TestClauseMateRelationship" name="test_relationship_to_dict_conversion" time="0.001" /><testcase classname="tests.unit.test_data_models.TestMockDataFactory" name="test_factory_creates_consistent_objects" time="0.002" /><testcase classname="tests.unit.test_data_models.TestMockDataFactory" name="test_factory_accepts_custom_parameters" time="0.001" /><testcase classname="tests.unit.test_data_models.TestMockDataFactory" name="test_factory_creates_valid_relationships" time="0.006" /><testcase classname="tests.unit.test_main_analyzer.TestClauseMateAnalyzer" name="test_analyzer_initialization_default" time="0.003" /><testcase classname="tests.unit.test_main_analyzer.TestClauseMateAnalyzer" name="test_analyzer_initialization_custom" time="0.001" /><testcase classname="tests.unit.test_main_analyzer.TestClauseMateAnalyzer" name="test_analyze_file_success" time="0.013" /><testcase classname="tests.unit.test_main_analyzer.TestClauseMateAnalyzer" name="test_analyze_file_streaming" time="0.017" /><testcase classname="tests.unit.test_main_analyzer.TestClauseMateAnalyzer" name="test_analyze_file_exception_handling" time="0.041" /><testcase classname="tests.unit.test_main_analyzer.TestClauseMateAnalyzer" name="test_analyze_complete_success" time="0.024" /><testcase classname="tests.unit.test_main_analyzer.TestClauseMateAnalyzer" name="test_extract_sentence_number_valid" time="0.003" /><testcase classname="tests.unit.test_main_analyzer.TestClauseMateAnalyzer" name="test_extract_sentence_number_no_match" time="0.003" /><testcase classname="tests.unit.test_main_analyzer.TestClauseMateAnalyzer" name="test_export_results_success" time="0.012" /><testcase classname="tests.unit.test_main_analyzer.TestClauseMateAnalyzer" name="test_export_results_empty_relationships" time="0.007" /><testcase classname="tests.unit.test_main_analyzer.TestClauseMateAnalyzer" name="test_export_results_exception_handling" time="0.009" /><testcase classname="tests.unit.test_main_analyzer.TestClauseMateAnalyzer" name="test_get_statistics" time="0.002" /><testcase classname="tests.unit.test_main_analyzer.TestClauseMateAnalyzer" name="test_detect_and_configure_format_success" time="0.041" /><testcase classname="tests.unit.test_main_analyzer.TestClauseMateAnalyzer" name="test_detect_and_configure_format_low_compatibility" time="0.027" /><testcase classname="tests.unit.test_main_analyzer.TestClauseMateAnalyzer" name="test_detect_and_configure_format_incomplete" time="0.009" /><testcase classname="tests.unit.test_main_analyzer.TestClauseMateAnalyzer" name="test_detect_and_configure_format_exception" time="0.018" /><testcase classname="tests.unit.test_main_analyzer.TestClauseMateAnalyzer" name="test_ensure_timestamped_output_path_new" time="0.006" /><testcase classname="tests.unit.test_main_analyzer.TestClauseMateAnalyzer" name="test_ensure_timestamped_output_path_existing" time="0.006" /><testcase classname="tests.unit.test_main_analyzer.TestAnalyzerIntegration" name="test_analyzer_with_mock_data" time="0.002" /><testcase classname="tests.unit.test_main_analyzer.TestAnalyzerIntegration" name="test_analyzer_statistics_tracking" time="0.003" /></testsuite></testsuites>
